nohup: ignoring input
127.0.0.1 - - [18/Nov/2025 23:33:26] "GET / HTTP/1.1" 200 -
127.0.0.1 - - [18/Nov/2025 23:33:26] code 404, message File not found
127.0.0.1 - - [18/Nov/2025 23:33:26] "GET /favicon.ico HTTP/1.1" 404 -
127.0.0.1 - - [18/Nov/2025 23:56:59] "GET / HTTP/1.1" 304 -
127.0.0.1 - - [19/Nov/2025 00:10:35] "GET / HTTP/1.1" 200 -
127.0.0.1 - - [19/Nov/2025 00:10:35] code 404, message File not found
127.0.0.1 - - [19/Nov/2025 00:10:35] "GET /favicon.ico HTTP/1.1" 404 -
----------------------------------------
Exception occurred during processing of request from ('127.0.0.1', 60102)
Traceback (most recent call last):
  File "/usr/lib/python3.12/http/server.py", line 731, in send_head
    f = open(path, 'rb')
        ^^^^^^^^^^^^^^^^
FileNotFoundError: [Errno 2] No such file or directory: '/home/abhi/Documents/leafguard/favicon.ico'

During handling of the above exception, another exception occurred:

Traceback (most recent call last):
  File "/usr/lib/python3.12/socketserver.py", line 692, in process_request_thread
    self.finish_request(request, client_address)
  File "/usr/lib/python3.12/http/server.py", line 1311, in finish_request
    self.RequestHandlerClass(request, client_address, self,
  File "/usr/lib/python3.12/http/server.py", line 672, in __init__
    super().__init__(*args, **kwargs)
  File "/usr/lib/python3.12/socketserver.py", line 761, in __init__
    self.handle()
  File "/usr/lib/python3.12/http/server.py", line 436, in handle
    self.handle_one_request()
  File "/usr/lib/python3.12/http/server.py", line 424, in handle_one_request
    method()
  File "/usr/lib/python3.12/http/server.py", line 676, in do_GET
    f = self.send_head()
        ^^^^^^^^^^^^^^^^
  File "/usr/lib/python3.12/http/server.py", line 733, in send_head
    self.send_error(HTTPStatus.NOT_FOUND, "File not found")
  File "/usr/lib/python3.12/http/server.py", line 491, in send_error
    self.wfile.write(body)
  File "/usr/lib/python3.12/socketserver.py", line 840, in write
    self._sock.sendall(b)
BrokenPipeError: [Errno 32] Broken pipe
----------------------------------------
